Build started 4/18/2014 11:07:35 PM.
     1>Project "C:\Users\Dylan\Desktop\ass2\ass2\ass2.vcxproj" on node 2 (Build target(s)).
     1>Link:
         C:\Program Files (x86)\Microsoft Visual Studio 12.0\VC\bin\link.exe /ERRORREPORT:PROMPT /OUT:"C:\Users\Dylan\Desktop\ass2\Debug\ass2.exe" /INCREMENTAL /NOLOGO kernel32.lib user32.lib gdi32.lib winspool.lib comdlg32.lib advapi32.lib shell32.lib ole32.lib oleaut32.lib uuid.lib odbc32.lib odbccp32.lib /MANIFEST /MANIFESTUAC:"level='asInvoker' uiAccess='false'" /manifest:embed /DEBUG /PDB:"C:\Users\Dylan\Desktop\ass2\Debug\ass2.pdb" /SUBSYSTEM:CONSOLE /TLBID:1 /DYNAMICBASE /NXCOMPAT /IMPLIB:"C:\Users\Dylan\Desktop\ass2\Debug\ass2.lib" /MACHINE:X86 Debug\Deque.obj
         Debug\PriorityQueue.obj
         Debug\queueTest.obj
         Debug\Stack.obj
     1>queueTest.obj : error LNK2019: unresolved external symbol "public: __thiscall Deque::Deque(void)" (??0Deque@@QAE@XZ) referenced in function "public: __thiscall Stack::Stack(int)" (??0Stack@@QAE@H@Z)
     1>C:\Users\Dylan\Desktop\ass2\Debug\ass2.exe : fatal error LNK1120: 1 unresolved externals
     1>Done Building Project "C:\Users\Dylan\Desktop\ass2\ass2\ass2.vcxproj" (Build target(s)) -- FAILED.

Build FAILED.

Time Elapsed 00:00:00.12
